Copyright 1986-2016 Xilinx, Inc. All Rights Reserved.
-------------------------------------------------------------------------------------------------------------------------------------------------------------------------------------
| Tool Version     : Vivado v.2016.3 (win64) Build 1682563 Mon Oct 10 19:07:27 MDT 2016
| Date             : Tue Sep 05 17:59:47 2017
| Host             : DESKTOP-1Q958FF running 64-bit major release  (build 9200)
| Command          : report_power -file zynq_design_1_wrapper_power_routed.rpt -pb zynq_design_1_wrapper_power_summary_routed.pb -rpx zynq_design_1_wrapper_power_routed.rpx
| Design           : zynq_design_1_wrapper
| Device           : xc7z020clg484-1
| Design State     : routed
| Grade            : commercial
| Process          : typical
| Characterization : Production
-------------------------------------------------------------------------------------------------------------------------------------------------------------------------------------

Power Report

Table of Contents
-----------------
1. Summary
1.1 On-Chip Components
1.2 Power Supply Summary
1.3 Confidence Level
2. Settings
2.1 Environment
2.2 Clock Constraints
3. Detailed Reports
3.1 By Hierarchy

1. Summary
----------

+--------------------------+--------+
| Total On-Chip Power (W)  | 1.709  |
| Dynamic (W)              | 1.549  |
| Device Static (W)        | 0.159  |
| Effective TJA (C/W)      | 11.5   |
| Max Ambient (C)          | 65.3   |
| Junction Temperature (C) | 44.7   |
| Confidence Level         | Medium |
| Setting File             | ---    |
| Simulation Activity File | ---    |
| Design Nets Matched      | NA     |
+--------------------------+--------+


1.1 On-Chip Components
----------------------

+-------------------------+-----------+----------+-----------+-----------------+
| On-Chip                 | Power (W) | Used     | Available | Utilization (%) |
+-------------------------+-----------+----------+-----------+-----------------+
| Clocks                  |     0.006 |        3 |       --- |             --- |
| Slice Logic             |     0.002 |     3661 |       --- |             --- |
|   LUT as Logic          |     0.002 |     1264 |     53200 |            2.38 |
|   Register              |    <0.001 |     1680 |    106400 |            1.58 |
|   CARRY4                |    <0.001 |       51 |     13300 |            0.38 |
|   LUT as Shift Register |    <0.001 |       78 |     17400 |            0.45 |
|   Others                |     0.000 |      277 |       --- |             --- |
| Signals                 |     0.004 |     2725 |       --- |             --- |
| Block RAM               |     0.008 |       16 |       140 |           11.43 |
| I/O                     |    <0.001 |        8 |       200 |            4.00 |
| PS7                     |     1.529 |        1 |       --- |             --- |
| Static Power            |     0.159 |          |           |                 |
| Total                   |     1.709 |          |           |                 |
+-------------------------+-----------+----------+-----------+-----------------+


1.2 Power Supply Summary
------------------------

+-----------+-------------+-----------+-------------+------------+
| Source    | Voltage (V) | Total (A) | Dynamic (A) | Static (A) |
+-----------+-------------+-----------+-------------+------------+
| Vccint    |       1.000 |     0.035 |       0.019 |      0.015 |
| Vccaux    |       1.800 |     0.021 |       0.000 |      0.021 |
| Vcco33    |       3.300 |     0.001 |       0.000 |      0.001 |
| Vcco25    |       2.500 |     0.000 |       0.000 |      0.000 |
| Vcco18    |       1.800 |     0.001 |       0.000 |      0.001 |
| Vcco15    |       1.500 |     0.001 |       0.000 |      0.001 |
| Vcco135   |       1.350 |     0.000 |       0.000 |      0.000 |
| Vcco12    |       1.200 |     0.000 |       0.000 |      0.000 |
| Vccaux_io |       1.800 |     0.000 |       0.000 |      0.000 |
| Vccbram   |       1.000 |     0.003 |       0.001 |      0.002 |
| MGTAVcc   |       1.000 |     0.000 |       0.000 |      0.000 |
| MGTAVtt   |       1.200 |     0.000 |       0.000 |      0.000 |
| MGTVccaux |       1.800 |     0.000 |       0.000 |      0.000 |
| Vccpint   |       1.000 |     0.748 |       0.718 |      0.030 |
| Vccpaux   |       1.800 |     0.061 |       0.051 |      0.010 |
| Vccpll    |       1.800 |     0.017 |       0.014 |      0.003 |
| Vcco_ddr  |       1.500 |     0.459 |       0.457 |      0.002 |
| Vcco_mio0 |       3.300 |     0.003 |       0.002 |      0.001 |
| Vcco_mio1 |       1.800 |     0.003 |       0.002 |      0.001 |
| Vccadc    |       1.800 |     0.020 |       0.000 |      0.020 |
+-----------+-------------+-----------+-------------+------------+


1.3 Confidence Level
--------------------

+-----------------------------+------------+------------------------------------------------+------------------------------------------------------------------------------------------------------------+
| User Input Data             | Confidence | Details                                        | Action                                                                                                     |
+-----------------------------+------------+------------------------------------------------+------------------------------------------------------------------------------------------------------------+
| Design implementation state | High       | Design is routed                               |                                                                                                            |
| Clock nodes activity        | High       | User specified more than 95% of clocks         |                                                                                                            |
| I/O nodes activity          | High       | User specified more than 95% of inputs         |                                                                                                            |
| Internal nodes activity     | Medium     | User specified less than 25% of internal nodes | Provide missing internal nodes activity with simulation results or by editing the "By Resource Type" views |
| Device models               | High       | Device models are Production                   |                                                                                                            |
|                             |            |                                                |                                                                                                            |
| Overall confidence level    | Medium     |                                                |                                                                                                            |
+-----------------------------+------------+------------------------------------------------+------------------------------------------------------------------------------------------------------------+


2. Settings
-----------

2.1 Environment
---------------

+-----------------------+------------------------+
| Ambient Temp (C)      | 25.0                   |
| ThetaJA (C/W)         | 11.5                   |
| Airflow (LFM)         | 250                    |
| Heat Sink             | none                   |
| ThetaSA (C/W)         | 0.0                    |
| Board Selection       | medium (10"x10")       |
| # of Board Layers     | 8to11 (8 to 11 Layers) |
| Board Temperature (C) | 25.0                   |
+-----------------------+------------------------+


2.2 Clock Constraints
---------------------

+------------+------------------------------------------------------------------+-----------------+
| Clock      | Domain                                                           | Constraint (ns) |
+------------+------------------------------------------------------------------+-----------------+
| clk_fpga_0 | zynq_design_1_i/processing_system7_0/inst/FCLK_CLK_unbuffered[0] |            10.0 |
+------------+------------------------------------------------------------------+-----------------+


3. Detailed Reports
-------------------

3.1 By Hierarchy
----------------

+-----------------------------------------------------------------+-----------+
| Name                                                            | Power (W) |
+-----------------------------------------------------------------+-----------+
| zynq_design_1_wrapper                                           |     1.549 |
|   zynq_design_1_i                                               |     1.549 |
|     axi_bram_ctrl_0                                             |     0.003 |
|       U0                                                        |     0.003 |
|         gext_inst.abcv4_0_ext_inst                              |     0.003 |
|           GEN_AXI4.I_FULL_AXI                                   |     0.003 |
|             I_RD_CHNL                                           |     0.002 |
|               I_WRAP_BRST                                       |    <0.001 |
|             I_WR_CHNL                                           |    <0.001 |
|               BID_FIFO                                          |    <0.001 |
|               I_WRAP_BRST                                       |    <0.001 |
|     axi_bram_ctrl_0_bram                                        |     0.008 |
|       U0                                                        |     0.008 |
|         inst_blk_mem_gen                                        |     0.008 |
|           gnbram.gnative_mem_map_bmg.native_mem_map_blk_mem_gen |     0.008 |
|             valid.cstr                                          |     0.008 |
|               ramloop[0].ram.r                                  |    <0.001 |
|                 prim_noinit.ram                                 |    <0.001 |
|               ramloop[10].ram.r                                 |    <0.001 |
|                 prim_noinit.ram                                 |    <0.001 |
|               ramloop[11].ram.r                                 |    <0.001 |
|                 prim_noinit.ram                                 |    <0.001 |
|               ramloop[12].ram.r                                 |    <0.001 |
|                 prim_noinit.ram                                 |    <0.001 |
|               ramloop[13].ram.r                                 |    <0.001 |
|                 prim_noinit.ram                                 |    <0.001 |
|               ramloop[14].ram.r                                 |    <0.001 |
|                 prim_noinit.ram                                 |    <0.001 |
|               ramloop[15].ram.r                                 |    <0.001 |
|                 prim_noinit.ram                                 |    <0.001 |
|               ramloop[1].ram.r                                  |    <0.001 |
|                 prim_noinit.ram                                 |    <0.001 |
|               ramloop[2].ram.r                                  |    <0.001 |
|                 prim_noinit.ram                                 |    <0.001 |
|               ramloop[3].ram.r                                  |    <0.001 |
|                 prim_noinit.ram                                 |    <0.001 |
|               ramloop[4].ram.r                                  |    <0.001 |
|                 prim_noinit.ram                                 |    <0.001 |
|               ramloop[5].ram.r                                  |    <0.001 |
|                 prim_noinit.ram                                 |    <0.001 |
|               ramloop[6].ram.r                                  |    <0.001 |
|                 prim_noinit.ram                                 |    <0.001 |
|               ramloop[7].ram.r                                  |    <0.001 |
|                 prim_noinit.ram                                 |    <0.001 |
|               ramloop[8].ram.r                                  |    <0.001 |
|                 prim_noinit.ram                                 |    <0.001 |
|               ramloop[9].ram.r                                  |    <0.001 |
|                 prim_noinit.ram                                 |    <0.001 |
|     axi_gpio_0                                                  |    <0.001 |
|       U0                                                        |    <0.001 |
|         AXI_LITE_IPIF_I                                         |    <0.001 |
|           I_SLAVE_ATTACHMENT                                    |    <0.001 |
|             I_DECODER                                           |    <0.001 |
|         gpio_core_1                                             |    <0.001 |
|     axi_mem_intercon                                            |     0.008 |
|       m01_couplers                                              |     0.004 |
|         auto_pc                                                 |     0.004 |
|           inst                                                  |     0.004 |
|             gen_axilite.gen_b2s_conv.axilite_b2s                |     0.004 |
|               RD.ar_channel_0                                   |    <0.001 |
|                 ar_cmd_fsm_0                                    |    <0.001 |
|                 cmd_translator_0                                |    <0.001 |
|                   incr_cmd_0                                    |    <0.001 |
|                   wrap_cmd_0                                    |    <0.001 |
|               RD.r_channel_0                                    |    <0.001 |
|                 rd_data_fifo_0                                  |    <0.001 |
|                 transaction_fifo_0                              |    <0.001 |
|               SI_REG                                            |     0.002 |
|                 ar_pipe                                         |    <0.001 |
|                 aw_pipe                                         |    <0.001 |
|                 b_pipe                                          |    <0.001 |
|                 r_pipe                                          |    <0.001 |
|               WR.aw_channel_0                                   |    <0.001 |
|                 aw_cmd_fsm_0                                    |    <0.001 |
|                 cmd_translator_0                                |    <0.001 |
|                   incr_cmd_0                                    |    <0.001 |
|                   wrap_cmd_0                                    |    <0.001 |
|               WR.b_channel_0                                    |    <0.001 |
|                 bid_fifo_0                                      |    <0.001 |
|                 bresp_fifo_0                                    |    <0.001 |
|       s00_couplers                                              |     0.000 |
|         auto_pc                                                 |     0.000 |
|           inst                                                  |     0.000 |
|       xbar                                                      |     0.004 |
|         inst                                                    |     0.004 |
|           gen_samd.crossbar_samd                                |     0.004 |
|             addr_arbiter_ar                                     |    <0.001 |
|             addr_arbiter_aw                                     |    <0.001 |
|             gen_decerr_slave.decerr_slave_inst                  |    <0.001 |
|             gen_master_slots[0].reg_slice_mi                    |    <0.001 |
|               b_pipe                                            |    <0.001 |
|               r_pipe                                            |    <0.001 |
|             gen_master_slots[1].reg_slice_mi                    |    <0.001 |
|               b_pipe                                            |    <0.001 |
|               r_pipe                                            |    <0.001 |
|             gen_master_slots[2].reg_slice_mi                    |    <0.001 |
|               b_pipe                                            |    <0.001 |
|               r_pipe                                            |    <0.001 |
|             gen_slave_slots[0].gen_si_read.si_transactor_ar     |     0.001 |
|               gen_multi_thread.arbiter_resp_inst                |    <0.001 |
|             gen_slave_slots[0].gen_si_write.si_transactor_aw    |    <0.001 |
|               gen_multi_thread.arbiter_resp_inst                |    <0.001 |
|             gen_slave_slots[0].gen_si_write.splitter_aw_si      |    <0.001 |
|             gen_slave_slots[0].gen_si_write.wdata_router_w      |    <0.001 |
|               wrouter_aw_fifo                                   |    <0.001 |
|                 gen_srls[0].gen_rep[0].srl_nx1                  |    <0.001 |
|                 gen_srls[0].gen_rep[1].srl_nx1                  |    <0.001 |
|             splitter_aw_mi                                      |    <0.001 |
|     processing_system7_0                                        |     1.530 |
|       inst                                                      |     1.530 |
|     rst_ps7_0_100M                                              |    <0.001 |
|       U0                                                        |    <0.001 |
|         EXT_LPF                                                 |    <0.001 |
|           ACTIVE_LOW_EXT.ACT_LO_EXT                             |    <0.001 |
|         SEQ                                                     |    <0.001 |
|           SEQ_COUNTER                                           |    <0.001 |
+-----------------------------------------------------------------+-----------+


